Traceback (most recent call last):
  File "/home/gzyang/Codes/BF2D/ButterFlyNet2D/Funcs/BaseInitGenerate.py", line 4, in <module>
srun: error: bigMem0: task 0: Exited with exit code 1
    import torch
ModuleNotFoundError: No module named 'torch'
Generating Net...
Done.

PreTrain...
Fourier Transform Approximation...
1/200,	rel err: 1.4090286493301392
2/200,	rel err: 1.3931208848953247
3/200,	rel err: 1.3787182569503784
4/200,	rel err: 1.3664615154266357
5/200,	rel err: 1.353545904159546
6/200,	rel err: 1.340628743171692
7/200,	rel err: 1.3274502754211426
8/200,	rel err: 1.3166943788528442
9/200,	rel err: 1.3046152591705322
10/200,	rel err: 1.2964260578155518
11/200,	rel err: 1.283988118171692
12/200,	rel err: 1.273716926574707
13/200,	rel err: 1.2655888795852661
14/200,	rel err: 1.2549210786819458
15/200,	rel err: 1.2466089725494385
16/200,	rel err: 1.2369650602340698
17/200,	rel err: 1.228509545326233
18/200,	rel err: 1.2201493978500366
19/200,	rel err: 1.212014079093933
20/200,	rel err: 1.2027815580368042
21/200,	rel err: 1.1981887817382812
22/200,	rel err: 1.1900975704193115
23/200,	rel err: 1.1832594871520996
24/200,	rel err: 1.17829430103302
25/200,	rel err: 1.1732505559921265
26/200,	rel err: 1.1659525632858276
27/200,	rel err: 1.1613713502883911
srun: Job step aborted: Waiting up to 302 seconds for job step to finish.
slurmstepd: error: *** STEP 3984.0 ON bigMem0 CANCELLED AT 2022-08-01T02:29:43 ***
srun: error: bigMem0: task 0: Terminated
Generating Net...
Done.

PreTrain...
Fourier Transform Approximation...
1/200,	rel err: 3.519805669784546
2/200,	rel err: 3.300987958908081
3/200,	rel err: 3.064509630203247
4/200,	rel err: 2.8512063026428223
5/200,	rel err: 2.663637161254883
6/200,	rel err: 2.5041356086730957
7/200,	rel err: 2.3336594104766846
8/200,	rel err: 2.205951690673828
9/200,	rel err: 2.071469783782959
10/200,	rel err: 1.9583898782730103
11/200,	rel err: 1.8617298603057861
12/200,	rel err: 1.7549383640289307
13/200,	rel err: 1.677411675453186
14/200,	rel err: 1.5827637910842896
15/200,	rel err: 1.5121521949768066
16/200,	rel err: 1.441846251487732
17/200,	rel err: 1.3909964561462402
18/200,	rel err: 1.3140044212341309
19/200,	rel err: 1.2540674209594727
20/200,	rel err: 1.2059193849563599
21/200,	rel err: 1.1554220914840698
22/200,	rel err: 1.1059447526931763
23/200,	rel err: 1.070177674293518
24/200,	rel err: 1.0295735597610474
25/200,	rel err: 0.9957383871078491
26/200,	rel err: 0.9502745866775513
27/200,	rel err: 0.915856659412384
28/200,	rel err: 0.8862431049346924
29/200,	rel err: 0.8589529991149902
30/200,	rel err: 0.8304330110549927
31/200,	rel err: 0.8038856387138367
32/200,	rel err: 0.7754111289978027
33/200,	rel err: 0.7490265369415283
34/200,	rel err: 0.7196344137191772
35/200,	rel err: 0.6864666938781738
36/200,	rel err: 0.6622780561447144
37/200,	rel err: 0.6393482685089111
